<?xml version="1.0" encoding="UTF-8"?>
<!-- Generated by org.testng.reporters.JUnitXMLReporter -->
<testsuite ignored="2" hostname="MAHESH-LENOVO-LAPTOP" failures="0" tests="2" name="GRP-Sanity" time="0.081" errors="0" timestamp="2023-08-07T16:03:40 IST">
  <testcase classname="testNG.TestGroups" name="Test_3" time="0.011"/>
  <testcase classname="testNG.TestGroups" name="Test_4" time="0.002"/>
  <testcase classname="testNG.TestGroups" name="Test_1" time="0.0">
    <ignored/>
  </testcase> <!-- Test_1 -->
  <testcase classname="testNG.TestGroups" name="Test_2" time="0.0">
    <ignored/>
  </testcase> <!-- Test_2 -->
</testsuite> <!-- GRP-Sanity -->
