<?xml version="1.0" encoding="UTF-8"?>
<!-- Generated by org.testng.reporters.JUnitXMLReporter -->
<testsuite ignored="0" hostname="MAHESH-LENOVO-LAPTOP" failures="0" tests="4" name="GRP-Functional" time="0.095" errors="0" timestamp="2023-08-07T16:08:57 IST">
  <testcase classname="testNG.TestGroups" name="Test_1" time="0.007"/>
  <testcase classname="testNG.TestGroups" name="Test_2" time="0.001"/>
  <testcase classname="testNG.TestGroups" name="Test_3" time="0.003"/>
  <testcase classname="testNG.TestGroups" name="Test_4" time="0.001"/>
</testsuite> <!-- GRP-Functional -->
