<?xml version="1.0" encoding="UTF-8"?>
<!-- Generated by org.testng.reporters.JUnitXMLReporter -->
<testsuite ignored="1" hostname="MAHESH-LENOVO-LAPTOP" failures="0" tests="3" name="GRP-Regression" time="0.089" errors="0" timestamp="2023-08-07T16:02:06 IST">
  <testcase classname="testNG.TestGroups" name="Test_1" time="0.008"/>
  <testcase classname="testNG.TestGroups" name="Test_2" time="0.001"/>
  <testcase classname="testNG.TestGroups" name="Test_3" time="0.002"/>
  <testcase classname="testNG.TestGroups" name="Test_4" time="0.0">
    <ignored/>
  </testcase> <!-- Test_4 -->
</testsuite> <!-- GRP-Regression -->
