<?xml version="1.0" encoding="UTF-8"?>
<!-- Generated by org.testng.reporters.JUnitXMLReporter -->
<testsuite ignored="0" hostname="MAHESH-LENOVO-LAPTOP" failures="0" tests="3" name="Default test" time="0.907" errors="0" timestamp="2024-08-05T10:12:48 IST">
  <testcase classname="datadriventesting.DataProvider1" name="testCaseData" time="0.016"/>
  <testcase classname="datadriventesting.DataProvider1" name="testCaseData" time="0.004"/>
  <testcase classname="datadriventesting.DataProvider1" name="testCaseData" time="0.003"/>
</testsuite> <!-- Default test -->
