<?xml version="1.0" encoding="UTF-8"?>
<!-- Generated by org.testng.reporters.JUnitXMLReporter -->
<testsuite ignored="0" hostname="MAHESH-LENOVO-LAPTOP" failures="0" tests="8" name="Default test" time="0.063" errors="0" timestamp="2023-08-08T17:53:00 IST">
  <testcase classname="testNG.TestDataProvider" name="test1" time="0.006"/>
  <testcase classname="testNG.TestDataProvider" name="test1" time="0.001"/>
  <testcase classname="testNG.TestDataProvider" name="test1" time="0.001"/>
  <testcase classname="testNG.TestDataProvider" name="test1" time="0.001"/>
  <testcase classname="testNG.TestDataProvider" name="test2" time="0.0"/>
  <testcase classname="testNG.TestDataProvider" name="test2" time="0.0"/>
  <testcase classname="testNG.TestDataProvider" name="test2" time="0.001"/>
  <testcase classname="testNG.TestDataProvider" name="test2" time="0.001"/>
</testsuite> <!-- Default test -->
