<?xml version="1.0" encoding="UTF-8"?>
<!-- Generated by org.testng.reporters.JUnitXMLReporter -->
<testsuite ignored="0" hostname="MAHESH-LENOVO-LAPTOP" failures="0" tests="6" name="Test" time="0.115" errors="0" timestamp="2023-08-07T16:44:59 IST">
  <testcase classname="testNG.GroupsTest" name="Test_1" time="0.005"/>
  <testcase classname="testNG.GroupsTest" name="Test_2" time="0.002"/>
  <testcase classname="testNG.GroupsTest" name="Test_3" time="0.002"/>
  <testcase classname="testNG.GroupsTest" name="Test_4" time="0.001"/>
  <testcase classname="testNG.LoginTest" name="Test_1" time="0.002"/>
  <testcase classname="testNG.LoginTest" name="Test_2" time="0.001"/>
</testsuite> <!-- Test -->
