<?xml version="1.0" encoding="UTF-8"?>
<!-- Generated by org.testng.reporters.JUnitXMLReporter -->
<testsuite ignored="1" hostname="MAHESH-LENOVO-LAPTOP" failures="0" tests="5" name="Regression" time="0.118" errors="0" timestamp="2024-08-06T13:20:56 IST">
  <testcase classname="testNG.TestNGStudy1" name="Test_1" time="0.007"/>
  <testcase classname="testNG.TestNGStudy1" name="Test_2" time="0.002"/>
  <testcase classname="testNG.TestNGStudy2" name="Test_1" time="0.002"/>
  <testcase classname="testNG.TestNGStudy2" name="Test_2" time="0.002"/>
  <testcase classname="testNG.TestNGStudy2" name="Test_3" time="0.001"/>
  <testcase classname="testNG.TestNGStudy2" name="Test_4" time="0.0">
    <ignored/>
  </testcase> <!-- Test_4 -->
</testsuite> <!-- Regression -->
