<?xml version="1.0" encoding="UTF-8"?>
<!-- Generated by org.testng.reporters.JUnitXMLReporter -->
<testsuite ignored="3" hostname="MAHESH-LENOVO-LAPTOP" failures="0" tests="3" name="Regression" time="0.083" errors="0" timestamp="2023-08-08T13:01:53 IST">
  <testcase classname="testNG.GroupsTest2" name="Test_1" time="0.009"/>
  <testcase classname="testNG.GroupsTest2" name="Test_2" time="0.002"/>
  <testcase classname="testNG.GroupsTest2" name="Test_3" time="0.003"/>
  <testcase classname="testNG.GroupsTest2" name="Test_4" time="0.0">
    <ignored/>
  </testcase> <!-- Test_4 -->
  <testcase classname="testNG.GroupsTest1" name="Test_1" time="0.0">
    <ignored/>
  </testcase> <!-- Test_1 -->
  <testcase classname="testNG.GroupsTest1" name="Test_2" time="0.0">
    <ignored/>
  </testcase> <!-- Test_2 -->
</testsuite> <!-- Regression -->
