<?xml version="1.0" encoding="UTF-8"?>
<testng-results ignored="0" total="1" passed="1" failed="0" skipped="0">
  <reporter-output>
  </reporter-output>
  <suite started-at="2023-08-08T18:34:01 IST" name="Parameterize Browser" finished-at="2023-08-08T18:35:36 IST" duration-ms="94858">
    <groups>
    </groups>
    <test started-at="2023-08-08T18:34:01 IST" name="Parameterize Browser" finished-at="2023-08-08T18:35:36 IST" duration-ms="94858">
      <class name="selenium.LoginTest">
        <test-method signature="Login(java.lang.String)[pri:0, instance:selenium.LoginTest@130c12b7]" started-at="2023-08-08T18:34:01 IST" name="Login" finished-at="2023-08-08T18:35:36 IST" duration-ms="94796" status="PASS">
          <params>
            <param index="0">
              <value>
                <![CDATA[Chrome]]>
              </value>
            </param>
          </params>
          <reporter-output>
          </reporter-output>
        </test-method> <!-- Login -->
      </class> <!-- selenium.LoginTest -->
    </test> <!-- Parameterize Browser -->
  </suite> <!-- Parameterize Browser -->
</testng-results>
